  tif_xfile.cpp
  ximabmp.cpp
D:\HB-Server-Apocalypse\Client\CxImage\xiofile.h(24,10): warning C4996: 'fopen': This function or variable may be unsafe. Consider using fopen_s instead. To disable deprecation, use _CRT_SECURE_NO_WARNINGS. See online help for details.
  (compilando archivo de origen "tif_xfile.cpp")
  
D:\HB-Server-Apocalypse\Client\CxImage\xiofile.h(24,10): warning C4996: 'fopen': This function or variable may be unsafe. Consider using fopen_s instead. To disable deprecation, use _CRT_SECURE_NO_WARNINGS. See online help for details.
  (compilando archivo de origen "ximabmp.cpp")
  
D:\HB-Server-Apocalypse\Client\CxImage\ximabmp.cpp(294,2): warning C4996: 'strncpy': This function or variable may be unsafe. Consider using strncpy_s instead. To disable deprecation, use _CRT_SECURE_NO_WARNINGS. See online help for details.
  ximadsp.cpp
D:\HB-Server-Apocalypse\Client\CxImage\xiofile.h(24,10): warning C4996: 'fopen': This function or variable may be unsafe. Consider using fopen_s instead. To disable deprecation, use _CRT_SECURE_NO_WARNINGS. See online help for details.
  (compilando archivo de origen "ximadsp.cpp")
  
  ximaenc.cpp
D:\HB-Server-Apocalypse\Client\CxImage\xiofile.h(24,10): warning C4996: 'fopen': This function or variable may be unsafe. Consider using fopen_s instead. To disable deprecation, use _CRT_SECURE_NO_WARNINGS. See online help for details.
  (compilando archivo de origen "ximaenc.cpp")
  
D:\HB-Server-Apocalypse\Client\CxImage\ximaenc.cpp(70,3): warning C4996: 'strcpy': This function or variable may be unsafe. Consider using strcpy_s instead. To disable deprecation, use _CRT_SECURE_NO_WARNINGS. See online help for details.
D:\HB-Server-Apocalypse\Client\CxImage\ximaenc.cpp(75,3): warning C4996: 'strcpy': This function or variable may be unsafe. Consider using strcpy_s instead. To disable deprecation, use _CRT_SECURE_NO_WARNINGS. See online help for details.
D:\HB-Server-Apocalypse\Client\CxImage\ximaenc.cpp(104,13): warning C4996: 'fopen': This function or variable may be unsafe. Consider using fopen_s instead. To disable deprecation, use _CRT_SECURE_NO_WARNINGS. See online help for details.
D:\HB-Server-Apocalypse\Client\CxImage\ximaenc.cpp(138,3): warning C4996: 'strcpy': This function or variable may be unsafe. Consider using strcpy_s instead. To disable deprecation, use _CRT_SECURE_NO_WARNINGS. See online help for details.
D:\HB-Server-Apocalypse\Client\CxImage\ximaenc.cpp(170,4): warning C4996: 'strcpy': This function or variable may be unsafe. Consider using strcpy_s instead. To disable deprecation, use _CRT_SECURE_NO_WARNINGS. See online help for details.
D:\HB-Server-Apocalypse\Client\CxImage\ximaenc.cpp(206,4): warning C4996: 'strcpy': This function or variable may be unsafe. Consider using strcpy_s instead. To disable deprecation, use _CRT_SECURE_NO_WARNINGS. See online help for details.
D:\HB-Server-Apocalypse\Client\CxImage\ximaenc.cpp(348,2): warning C4996: 'strcpy': This function or variable may be unsafe. Consider using strcpy_s instead. To disable deprecation, use _CRT_SECURE_NO_WARNINGS. See online help for details.
D:\HB-Server-Apocalypse\Client\CxImage\ximaenc.cpp(400,2): warning C4996: 'strcpy': This function or variable may be unsafe. Consider using strcpy_s instead. To disable deprecation, use _CRT_SECURE_NO_WARNINGS. See online help for details.
D:\HB-Server-Apocalypse\Client\CxImage\ximaenc.cpp(416,3): warning C4996: 'strcpy': This function or variable may be unsafe. Consider using strcpy_s instead. To disable deprecation, use _CRT_SECURE_NO_WARNINGS. See online help for details.
D:\HB-Server-Apocalypse\Client\CxImage\ximaenc.cpp(492,2): warning C4996: 'strcpy': This function or variable may be unsafe. Consider using strcpy_s instead. To disable deprecation, use _CRT_SECURE_NO_WARNINGS. See online help for details.
D:\HB-Server-Apocalypse\Client\CxImage\ximaenc.cpp(506,29): warning C4996: 'strcpy': This function or variable may be unsafe. Consider using strcpy_s instead. To disable deprecation, use _CRT_SECURE_NO_WARNINGS. See online help for details.
D:\HB-Server-Apocalypse\Client\CxImage\ximaenc.cpp(481,14): warning C4996: 'fopen': This function or variable may be unsafe. Consider using fopen_s instead. To disable deprecation, use _CRT_SECURE_NO_WARNINGS. See online help for details.
D:\HB-Server-Apocalypse\Client\CxImage\ximaenc.cpp(498,13): warning C4996: 'fopen': This function or variable may be unsafe. Consider using fopen_s instead. To disable deprecation, use _CRT_SECURE_NO_WARNINGS. See online help for details.
D:\HB-Server-Apocalypse\Client\CxImage\ximaenc.cpp(575,9): warning C4996: 'strcpy': This function or variable may be unsafe. Consider using strcpy_s instead. To disable deprecation, use _CRT_SECURE_NO_WARNINGS. See online help for details.
D:\HB-Server-Apocalypse\Client\CxImage\ximaenc.cpp(720,4): warning C4996: 'strcpy': This function or variable may be unsafe. Consider using strcpy_s instead. To disable deprecation, use _CRT_SECURE_NO_WARNINGS. See online help for details.
D:\HB-Server-Apocalypse\Client\CxImage\ximaenc.cpp(733,4): warning C4996: 'strcpy': This function or variable may be unsafe. Consider using strcpy_s instead. To disable deprecation, use _CRT_SECURE_NO_WARNINGS. See online help for details.
D:\HB-Server-Apocalypse\Client\CxImage\ximaenc.cpp(915,2): warning C4996: 'strcpy': This function or variable may be unsafe. Consider using strcpy_s instead. To disable deprecation, use _CRT_SECURE_NO_WARNINGS. See online help for details.
  ximaexif.cpp
D:\HB-Server-Apocalypse\Client\CxImage\xiofile.h(24,10): warning C4996: 'fopen': This function or variable may be unsafe. Consider using fopen_s instead. To disable deprecation, use _CRT_SECURE_NO_WARNINGS. See online help for details.
  (compilando archivo de origen "ximaexif.cpp")
  
D:\HB-Server-Apocalypse\Client\CxImage\ximaexif.cpp(55,4): warning C4996: 'strcpy': This function or variable may be unsafe. Consider using strcpy_s instead. To disable deprecation, use _CRT_SECURE_NO_WARNINGS. See online help for details.
D:\HB-Server-Apocalypse\Client\CxImage\ximaexif.cpp(71,13): warning C4996: 'strcpy': This function or variable may be unsafe. Consider using strcpy_s instead. To disable deprecation, use _CRT_SECURE_NO_WARNINGS. See online help for details.
D:\HB-Server-Apocalypse\Client\CxImage\ximaexif.cpp(84,13): warning C4996: 'strcpy': This function or variable may be unsafe. Consider using strcpy_s instead. To disable deprecation, use _CRT_SECURE_NO_WARNINGS. See online help for details.
D:\HB-Server-Apocalypse\Client\CxImage\ximaexif.cpp(92,13): warning C4996: 'strcpy': This function or variable may be unsafe. Consider using strcpy_s instead. To disable deprecation, use _CRT_SECURE_NO_WARNINGS. See online help for details.
D:\HB-Server-Apocalypse\Client\CxImage\ximaexif.cpp(103,13): warning C4996: 'strcpy': This function or variable may be unsafe. Consider using strcpy_s instead. To disable deprecation, use _CRT_SECURE_NO_WARNINGS. See online help for details.
D:\HB-Server-Apocalypse\Client\CxImage\ximaexif.cpp(123,25): warning C4996: 'strcpy': This function or variable may be unsafe. Consider using strcpy_s instead. To disable deprecation, use _CRT_SECURE_NO_WARNINGS. See online help for details.
D:\HB-Server-Apocalypse\Client\CxImage\ximaexif.cpp(129,25): warning C4996: 'strcpy': This function or variable may be unsafe. Consider using strcpy_s instead. To disable deprecation, use _CRT_SECURE_NO_WARNINGS. See online help for details.
D:\HB-Server-Apocalypse\Client\CxImage\ximaexif.cpp(216,4): warning C4996: 'strcpy': This function or variable may be unsafe. Consider using strcpy_s instead. To disable deprecation, use _CRT_SECURE_NO_WARNINGS. See online help for details.
D:\HB-Server-Apocalypse\Client\CxImage\ximaexif.cpp(227,13): warning C4996: 'strcpy': This function or variable may be unsafe. Consider using strcpy_s instead. To disable deprecation, use _CRT_SECURE_NO_WARNINGS. See online help for details.
D:\HB-Server-Apocalypse\Client\CxImage\ximaexif.cpp(234,9): warning C4996: 'strcpy': This function or variable may be unsafe. Consider using strcpy_s instead. To disable deprecation, use _CRT_SECURE_NO_WARNINGS. See online help for details.
D:\HB-Server-Apocalypse\Client\CxImage\ximaexif.cpp(391,9): warning C4996: 'strcpy': This function or variable may be unsafe. Consider using strcpy_s instead. To disable deprecation, use _CRT_SECURE_NO_WARNINGS. See online help for details.
D:\HB-Server-Apocalypse\Client\CxImage\ximaexif.cpp(412,13): warning C4996: 'strcpy': This function or variable may be unsafe. Consider using strcpy_s instead. To disable deprecation, use _CRT_SECURE_NO_WARNINGS. See online help for details.
D:\HB-Server-Apocalypse\Client\CxImage\ximaexif.cpp(424,17): warning C4996: 'strcpy': This function or variable may be unsafe. Consider using strcpy_s instead. To disable deprecation, use _CRT_SECURE_NO_WARNINGS. See online help for details.
D:\HB-Server-Apocalypse\Client\CxImage\ximaexif.cpp(556,21): warning C4996: 'strcpy': This function or variable may be unsafe. Consider using strcpy_s instead. To disable deprecation, use _CRT_SECURE_NO_WARNINGS. See online help for details.
D:\HB-Server-Apocalypse\Client\CxImage\ximaexif.cpp(649,6): warning C4996: 'strcpy': This function or variable may be unsafe. Consider using strcpy_s instead. To disable deprecation, use _CRT_SECURE_NO_WARNINGS. See online help for details.
D:\HB-Server-Apocalypse\Client\CxImage\ximaexif.cpp(672,17): warning C4996: 'strcpy': This function or variable may be unsafe. Consider using strcpy_s instead. To disable deprecation, use _CRT_SECURE_NO_WARNINGS. See online help for details.
D:\HB-Server-Apocalypse\Client\CxImage\ximaexif.cpp(445,17): warning C4996: 'strncpy': This function or variable may be unsafe. Consider using strncpy_s instead. To disable deprecation, use _CRT_SECURE_NO_WARNINGS. See online help for details.
D:\HB-Server-Apocalypse\Client\CxImage\ximaexif.cpp(449,17): warning C4996: 'strncpy': This function or variable may be unsafe. Consider using strncpy_s instead. To disable deprecation, use _CRT_SECURE_NO_WARNINGS. See online help for details.
D:\HB-Server-Apocalypse\Client\CxImage\ximaexif.cpp(453,5): warning C4996: 'strncpy': This function or variable may be unsafe. Consider using strncpy_s instead. To disable deprecation, use _CRT_SECURE_NO_WARNINGS. See online help for details.
D:\HB-Server-Apocalypse\Client\CxImage\ximaexif.cpp(457,17): warning C4996: 'strncpy': This function or variable may be unsafe. Consider using strncpy_s instead. To disable deprecation, use _CRT_SECURE_NO_WARNINGS. See online help for details.
D:\HB-Server-Apocalypse\Client\CxImage\ximaexif.cpp(478,29): warning C4996: 'strncpy': This function or variable may be unsafe. Consider using strncpy_s instead. To disable deprecation, use _CRT_SECURE_NO_WARNINGS. See online help for details.
D:\HB-Server-Apocalypse\Client\CxImage\ximaexif.cpp(484,21): warning C4996: 'strncpy': This function or variable may be unsafe. Consider using strncpy_s instead. To disable deprecation, use _CRT_SECURE_NO_WARNINGS. See online help for details.
D:\HB-Server-Apocalypse\Client\CxImage\ximaexif.cpp(758,5): warning C4996: 'strcpy': This function or variable may be unsafe. Consider using strcpy_s instead. To disable deprecation, use _CRT_SECURE_NO_WARNINGS. See online help for details.
D:\HB-Server-Apocalypse\Client\CxImage\ximaexif.cpp(801,3): warning C4996: 'strcpy': This function or variable may be unsafe. Consider using strcpy_s instead. To disable deprecation, use _CRT_SECURE_NO_WARNINGS. See online help for details.
  xImage.cpp
D:\HB-Server-Apocalypse\Client\CxImage\xiofile.h(24,10): warning C4996: 'fopen': This function or variable may be unsafe. Consider using fopen_s instead. To disable deprecation, use _CRT_SECURE_NO_WARNINGS. See online help for details.
  (compilando archivo de origen "xImage.cpp")
  
D:\HB-Server-Apocalypse\Client\CxImage\xImage.cpp(156,3): warning C4996: 'strcpy': This function or variable may be unsafe. Consider using strcpy_s instead. To disable deprecation, use _CRT_SECURE_NO_WARNINGS. See online help for details.
D:\HB-Server-Apocalypse\Client\CxImage\xImage.cpp(168,3): warning C4996: 'strcpy': This function or variable may be unsafe. Consider using strcpy_s instead. To disable deprecation, use _CRT_SECURE_NO_WARNINGS. See online help for details.
D:\HB-Server-Apocalypse\Client\CxImage\xImage.cpp(202,3): warning C4996: 'strcpy': This function or variable may be unsafe. Consider using strcpy_s instead. To disable deprecation, use _CRT_SECURE_NO_WARNINGS. See online help for details.
  ximagif.cpp
D:\HB-Server-Apocalypse\Client\CxImage\xiofile.h(24,10): warning C4996: 'fopen': This function or variable may be unsafe. Consider using fopen_s instead. To disable deprecation, use _CRT_SECURE_NO_WARNINGS. See online help for details.
  (compilando archivo de origen "ximagif.cpp")
  
  ximahist.cpp
D:\HB-Server-Apocalypse\Client\CxImage\xiofile.h(24,10): warning C4996: 'fopen': This function or variable may be unsafe. Consider using fopen_s instead. To disable deprecation, use _CRT_SECURE_NO_WARNINGS. See online help for details.
  (compilando archivo de origen "ximahist.cpp")
  
  ximaico.cpp
D:\HB-Server-Apocalypse\Client\CxImage\xiofile.h(24,10): warning C4996: 'fopen': This function or variable may be unsafe. Consider using fopen_s instead. To disable deprecation, use _CRT_SECURE_NO_WARNINGS. See online help for details.
  (compilando archivo de origen "ximaico.cpp")
  
  ximainfo.cpp
D:\HB-Server-Apocalypse\Client\CxImage\xiofile.h(24,10): warning C4996: 'fopen': This function or variable may be unsafe. Consider using fopen_s instead. To disable deprecation, use _CRT_SECURE_NO_WARNINGS. See online help for details.
  (compilando archivo de origen "ximainfo.cpp")
  
  ximaint.cpp
D:\HB-Server-Apocalypse\Client\CxImage\xiofile.h(24,10): warning C4996: 'fopen': This function or variable may be unsafe. Consider using fopen_s instead. To disable deprecation, use _CRT_SECURE_NO_WARNINGS. See online help for details.
  (compilando archivo de origen "ximaint.cpp")
  
  ximaj2k.cpp
D:\HB-Server-Apocalypse\Client\CxImage\xiofile.h(24,10): warning C4996: 'fopen': This function or variable may be unsafe. Consider using fopen_s instead. To disable deprecation, use _CRT_SECURE_NO_WARNINGS. See online help for details.
  (compilando archivo de origen "ximaj2k.cpp")
  
  ximajas.cpp
D:\HB-Server-Apocalypse\Client\CxImage\xiofile.h(24,10): warning C4996: 'fopen': This function or variable may be unsafe. Consider using fopen_s instead. To disable deprecation, use _CRT_SECURE_NO_WARNINGS. See online help for details.
  (compilando archivo de origen "ximajas.cpp")
  
  ximajbg.cpp
D:\HB-Server-Apocalypse\Client\CxImage\xiofile.h(24,10): warning C4996: 'fopen': This function or variable may be unsafe. Consider using fopen_s instead. To disable deprecation, use _CRT_SECURE_NO_WARNINGS. See online help for details.
  (compilando archivo de origen "ximajbg.cpp")
  
  ximajpg.cpp
D:\HB-Server-Apocalypse\Client\CxImage\xiofile.h(24,10): warning C4996: 'fopen': This function or variable may be unsafe. Consider using fopen_s instead. To disable deprecation, use _CRT_SECURE_NO_WARNINGS. See online help for details.
  (compilando archivo de origen "ximajpg.cpp")
  
D:\HB-Server-Apocalypse\Client\CxImage\ximajpg.cpp(271,3): warning C4996: 'strcpy': This function or variable may be unsafe. Consider using strcpy_s instead. To disable deprecation, use _CRT_SECURE_NO_WARNINGS. See online help for details.
D:\HB-Server-Apocalypse\Client\CxImage\ximajpg.cpp(317,3): warning C4996: 'strcpy': This function or variable may be unsafe. Consider using strcpy_s instead. To disable deprecation, use _CRT_SECURE_NO_WARNINGS. See online help for details.
  ximalpha.cpp
D:\HB-Server-Apocalypse\Client\CxImage\xiofile.h(24,10): warning C4996: 'fopen': This function or variable may be unsafe. Consider using fopen_s instead. To disable deprecation, use _CRT_SECURE_NO_WARNINGS. See online help for details.
  (compilando archivo de origen "ximalpha.cpp")
  
  ximalyr.cpp
D:\HB-Server-Apocalypse\Client\CxImage\xiofile.h(24,10): warning C4996: 'fopen': This function or variable may be unsafe. Consider using fopen_s instead. To disable deprecation, use _CRT_SECURE_NO_WARNINGS. See online help for details.
  (compilando archivo de origen "ximalyr.cpp")
  
  ximamng.cpp
D:\HB-Server-Apocalypse\Client\CxImage\xiofile.h(24,10): warning C4996: 'fopen': This function or variable may be unsafe. Consider using fopen_s instead. To disable deprecation, use _CRT_SECURE_NO_WARNINGS. See online help for details.
  (compilando archivo de origen "ximamng.cpp")
  
  ximapal.cpp
D:\HB-Server-Apocalypse\Client\CxImage\xiofile.h(24,10): warning C4996: 'fopen': This function or variable may be unsafe. Consider using fopen_s instead. To disable deprecation, use _CRT_SECURE_NO_WARNINGS. See online help for details.
  (compilando archivo de origen "ximapal.cpp")
  
  ximapcx.cpp
D:\HB-Server-Apocalypse\Client\CxImage\xiofile.h(24,10): warning C4996: 'fopen': This function or variable may be unsafe. Consider using fopen_s instead. To disable deprecation, use _CRT_SECURE_NO_WARNINGS. See online help for details.
  (compilando archivo de origen "ximapcx.cpp")
  
  Generando código...
  Compilando...
  ximapng.cpp
D:\HB-Server-Apocalypse\Client\CxImage\xiofile.h(24,10): warning C4996: 'fopen': This function or variable may be unsafe. Consider using fopen_s instead. To disable deprecation, use _CRT_SECURE_NO_WARNINGS. See online help for details.
  (compilando archivo de origen "ximapng.cpp")
  
  ximasel.cpp
D:\HB-Server-Apocalypse\Client\CxImage\xiofile.h(24,10): warning C4996: 'fopen': This function or variable may be unsafe. Consider using fopen_s instead. To disable deprecation, use _CRT_SECURE_NO_WARNINGS. See online help for details.
  (compilando archivo de origen "ximasel.cpp")
  
  ximatga.cpp
D:\HB-Server-Apocalypse\Client\CxImage\xiofile.h(24,10): warning C4996: 'fopen': This function or variable may be unsafe. Consider using fopen_s instead. To disable deprecation, use _CRT_SECURE_NO_WARNINGS. See online help for details.
  (compilando archivo de origen "ximatga.cpp")
  
  ximath.cpp
D:\HB-Server-Apocalypse\Client\CxImage\xiofile.h(24,10): warning C4996: 'fopen': This function or variable may be unsafe. Consider using fopen_s instead. To disable deprecation, use _CRT_SECURE_NO_WARNINGS. See online help for details.
  (compilando archivo de origen "ximath.cpp")
  
  ximatif.cpp
D:\HB-Server-Apocalypse\Client\CxImage\xiofile.h(24,10): warning C4996: 'fopen': This function or variable may be unsafe. Consider using fopen_s instead. To disable deprecation, use _CRT_SECURE_NO_WARNINGS. See online help for details.
  (compilando archivo de origen "ximatif.cpp")
  
  ximatran.cpp
D:\HB-Server-Apocalypse\Client\CxImage\xiofile.h(24,10): warning C4996: 'fopen': This function or variable may be unsafe. Consider using fopen_s instead. To disable deprecation, use _CRT_SECURE_NO_WARNINGS. See online help for details.
  (compilando archivo de origen "ximatran.cpp")
  
  ximawbmp.cpp
D:\HB-Server-Apocalypse\Client\CxImage\xiofile.h(24,10): warning C4996: 'fopen': This function or variable may be unsafe. Consider using fopen_s instead. To disable deprecation, use _CRT_SECURE_NO_WARNINGS. See online help for details.
  (compilando archivo de origen "ximawbmp.cpp")
  
  ximawmf.cpp
D:\HB-Server-Apocalypse\Client\CxImage\xiofile.h(24,10): warning C4996: 'fopen': This function or variable may be unsafe. Consider using fopen_s instead. To disable deprecation, use _CRT_SECURE_NO_WARNINGS. See online help for details.
  (compilando archivo de origen "ximawmf.cpp")
  
  ximawnd.cpp
D:\HB-Server-Apocalypse\Client\CxImage\xiofile.h(24,10): warning C4996: 'fopen': This function or variable may be unsafe. Consider using fopen_s instead. To disable deprecation, use _CRT_SECURE_NO_WARNINGS. See online help for details.
  (compilando archivo de origen "ximawnd.cpp")
  
D:\HB-Server-Apocalypse\Client\CxImage\ximawnd.cpp(385,13): warning C4996: 'strcpy': This function or variable may be unsafe. Consider using strcpy_s instead. To disable deprecation, use _CRT_SECURE_NO_WARNINGS. See online help for details.
D:\HB-Server-Apocalypse\Client\CxImage\ximawnd.cpp(850,3): warning C4996: '_tcsncpy': This function or variable may be unsafe. Consider using _tcsncpy_s instead. To disable deprecation, use _CRT_SECURE_NO_WARNINGS. See online help for details.
D:\HB-Server-Apocalypse\Client\CxImage\ximawnd.cpp(1092,5): warning C4996: 'sprintf': This function or variable may be unsafe. Consider using sprintf_s instead. To disable deprecation, use _CRT_SECURE_NO_WARNINGS. See online help for details.
D:\HB-Server-Apocalypse\Client\CxImage\ximawnd.cpp(1104,5): warning C4996: 'sprintf': This function or variable may be unsafe. Consider using sprintf_s instead. To disable deprecation, use _CRT_SECURE_NO_WARNINGS. See online help for details.
  xmemfile.cpp
  Generando código...
  CxImage.vcxproj -> D:\HB-Server-Apocalypse\Client\CxImage\Release\CxImage.lib
