c:\users\suare\desktop\server limpio\hgserver\release\vc143.pdb
c:\users\suare\desktop\server limpio\hgserver\release\partymanager.obj
c:\users\suare\desktop\server limpio\hgserver\release\occupyflag.obj
c:\users\suare\desktop\server limpio\hgserver\release\npc.obj
c:\users\suare\desktop\server limpio\hgserver\release\msg.obj
c:\users\suare\desktop\server limpio\hgserver\release\mobcounter.obj
c:\users\suare\desktop\server limpio\hgserver\release\misc.obj
c:\users\suare\desktop\server limpio\hgserver\release\mineral.obj
c:\users\suare\desktop\server limpio\hgserver\release\map.obj
c:\users\suare\desktop\server limpio\hgserver\release\magic.obj
c:\users\suare\desktop\server limpio\hgserver\release\loginserver.obj
c:\users\suare\desktop\server limpio\hgserver\release\item.obj
c:\users\suare\desktop\server limpio\hgserver\release\guildsman.obj
c:\users\suare\desktop\server limpio\hgserver\release\game.obj
c:\users\suare\desktop\server limpio\hgserver\release\fish.obj
c:\users\suare\desktop\server limpio\hgserver\release\enchanting.obj
c:\users\suare\desktop\server limpio\hgserver\release\dynamicobject.obj
c:\users\suare\desktop\server limpio\hgserver\release\delayevent.obj
c:\users\suare\desktop\server limpio\hgserver\release\debugdialog.obj
c:\users\suare\desktop\server limpio\hgserver\release\client.obj
c:\users\suare\desktop\server limpio\hgserver\release\builditem.obj
c:\users\suare\desktop\server limpio\hgserver\release\xsocket.obj
c:\users\suare\desktop\server limpio\hgserver\release\wmain.obj
c:\users\suare\desktop\server limpio\hgserver\release\tile.obj
c:\users\suare\desktop\server limpio\hgserver\release\teleportloc.obj
c:\users\suare\desktop\server limpio\hgserver\release\strtok.obj
c:\users\suare\desktop\server limpio\hgserver\release\strategicpoint.obj
c:\users\suare\desktop\server limpio\hgserver\release\skill.obj
c:\users\suare\desktop\server limpio\hgserver\release\quest.obj
c:\users\suare\desktop\server limpio\hgserver\release\portion.obj
c:\users\suare\desktop\server limpio\hgserver\release\hgserver.exe
c:\users\suare\desktop\server limpio\hgserver\release\hgserver.pdb
c:\users\suare\desktop\server limpio\hgserver\release\hgserver.res
c:\users\suare\desktop\server limpio - copia\hgserver\release\builditem.obj
c:\users\suare\desktop\server limpio - copia\hgserver\release\client.obj
c:\users\suare\desktop\server limpio - copia\hgserver\release\debugdialog.obj
c:\users\suare\desktop\server limpio - copia\hgserver\release\delayevent.obj
c:\users\suare\desktop\server limpio - copia\hgserver\release\dynamicobject.obj
c:\users\suare\desktop\server limpio - copia\hgserver\release\enchanting.obj
c:\users\suare\desktop\server limpio - copia\hgserver\release\fish.obj
c:\users\suare\desktop\server limpio - copia\hgserver\release\game.obj
c:\users\suare\desktop\server limpio - copia\hgserver\release\guildsman.obj
c:\users\suare\desktop\server limpio - copia\hgserver\release\item.obj
c:\users\suare\desktop\server limpio - copia\hgserver\release\loginserver.obj
c:\users\suare\desktop\server limpio - copia\hgserver\release\magic.obj
c:\users\suare\desktop\server limpio - copia\hgserver\release\map.obj
c:\users\suare\desktop\server limpio - copia\hgserver\release\mineral.obj
c:\users\suare\desktop\server limpio - copia\hgserver\release\misc.obj
c:\users\suare\desktop\server limpio - copia\hgserver\release\mobcounter.obj
c:\users\suare\desktop\server limpio - copia\hgserver\release\msg.obj
c:\users\suare\desktop\server limpio - copia\hgserver\release\npc.obj
c:\users\suare\desktop\server limpio - copia\hgserver\release\occupyflag.obj
c:\users\suare\desktop\server limpio - copia\hgserver\release\partymanager.obj
c:\users\suare\desktop\server limpio - copia\hgserver\release\portion.obj
c:\users\suare\desktop\server limpio - copia\hgserver\release\quest.obj
c:\users\suare\desktop\server limpio - copia\hgserver\release\skill.obj
c:\users\suare\desktop\server limpio - copia\hgserver\release\strategicpoint.obj
c:\users\suare\desktop\server limpio - copia\hgserver\release\strtok.obj
c:\users\suare\desktop\server limpio - copia\hgserver\release\teleportloc.obj
c:\users\suare\desktop\server limpio - copia\hgserver\release\tile.obj
c:\users\suare\desktop\server limpio - copia\hgserver\release\wmain.obj
c:\users\suare\desktop\server limpio - copia\hgserver\release\xsocket.obj
c:\users\suare\desktop\server limpio - copia\hgserver\release\hgserver.res
c:\users\suare\desktop\server limpio - copia\hgserver\release\hgserver.pdb
c:\users\suare\desktop\server limpio - copia\hgserver\release\vc143.pdb
c:\users\suare\desktop\server limpio - copia\hgserver\release\hgserver.exe
c:\users\suare\desktop\server limpio - copia\hgserver\release\hgserver.tlog\cl.command.1.tlog
c:\users\suare\desktop\server limpio - copia\hgserver\release\hgserver.tlog\cl.items.tlog
c:\users\suare\desktop\server limpio - copia\hgserver\release\hgserver.tlog\cl.read.1.tlog
c:\users\suare\desktop\server limpio - copia\hgserver\release\hgserver.tlog\cl.write.1.tlog
c:\users\suare\desktop\server limpio - copia\hgserver\release\hgserver.tlog\link.command.1.tlog
c:\users\suare\desktop\server limpio - copia\hgserver\release\hgserver.tlog\link.read.1.tlog
c:\users\suare\desktop\server limpio - copia\hgserver\release\hgserver.tlog\link.secondary.1.tlog
c:\users\suare\desktop\server limpio - copia\hgserver\release\hgserver.tlog\link.write.1.tlog
c:\users\suare\desktop\server limpio - copia\hgserver\release\hgserver.tlog\rc.command.1.tlog
c:\users\suare\desktop\server limpio - copia\hgserver\release\hgserver.tlog\rc.read.1.tlog
c:\users\suare\desktop\server limpio - copia\hgserver\release\hgserver.tlog\rc.write.1.tlog
